build/outputs/logs/manifest-merger-release-report.txt
-- Merging decision tree log ---
manifest
ADDED from code\HelloAndroid\AndroidManifest.xml:2:1-80:12
	package
		ADDED from code\HelloAndroid\AndroidManifest.xml:3:5-39
	android:versionName
		ADDED from code\HelloAndroid\AndroidManifest.xml:6:5-30
		INJECTED from code\HelloAndroid\AndroidManifest.xml
		INJECTED from code\HelloAndroid\AndroidManifest.xml
	android:versionCode
		ADDED from code\HelloAndroid\AndroidManifest.xml:5:5-28
		INJECTED from code\HelloAndroid\AndroidManifest.xml
		INJECTED from code\HelloAndroid\AndroidManifest.xml
	xmlns:android
		ADDED from code\HelloAndroid\AndroidManifest.xml:2:11-69
	android:installLocation
		ADDED from code\HelloAndroid\AndroidManifest.xml:4:5-35
uses-sdk
ADDED from code\HelloAndroid\AndroidManifest.xml:8:5-10:41
	android:targetSdkVersion
		ADDED from code\HelloAndroid\AndroidManifest.xml:10:9-38
	android:minSdkVersion
		ADDED from code\HelloAndroid\AndroidManifest.xml:9:9-35
supports-screens
ADDED from code\HelloAndroid\AndroidManifest.xml:12:5-14:40
	android:normalScreens
		ADDED from code\HelloAndroid\AndroidManifest.xml:14:9-37
	android:anyDensity
		ADDED from code\HelloAndroid\AndroidManifest.xml:13:9-34
application
ADDED from code\HelloAndroid\AndroidManifest.xml:16:5-73:19
	android:allowBackup
		ADDED from code\HelloAndroid\AndroidManifest.xml:18:9-35
	android:icon
		ADDED from code\HelloAndroid\AndroidManifest.xml:19:9-45
	android:theme
		ADDED from code\HelloAndroid\AndroidManifest.xml:20:9-56
	android:name
		ADDED from code\HelloAndroid\AndroidManifest.xml:17:9-30
activity#com.example.helloandroid.SplashActivity
ADDED from code\HelloAndroid\AndroidManifest.xml:21:9-31:20
	android:screenOrientation
		ADDED from code\HelloAndroid\AndroidManifest.xml:25:13-49
	android:label
		ADDED from code\HelloAndroid\AndroidManifest.xml:24:13-46
	android:configChanges
		ADDED from code\HelloAndroid\AndroidManifest.xml:23:13-63
	android:name
		ADDED from code\HelloAndroid\AndroidManifest.xml:22:13-43
intent-filter#android.intent.action.MAIN+android.intent.category.LAUNCHER
ADDED from code\HelloAndroid\AndroidManifest.xml:26:13-30:29
action#android.intent.action.MAIN
ADDED from code\HelloAndroid\AndroidManifest.xml:27:17-69
	android:name
		ADDED from code\HelloAndroid\AndroidManifest.xml:27:25-66
category#android.intent.category.LAUNCHER
ADDED from code\HelloAndroid\AndroidManifest.xml:29:17-77
	android:name
		ADDED from code\HelloAndroid\AndroidManifest.xml:29:27-74
activity#com.example.helloandroid.LoginActivity
ADDED from code\HelloAndroid\AndroidManifest.xml:32:9-37:20
	android:screenOrientation
		ADDED from code\HelloAndroid\AndroidManifest.xml:36:13-49
	android:label
		ADDED from code\HelloAndroid\AndroidManifest.xml:35:13-46
	android:configChanges
		ADDED from code\HelloAndroid\AndroidManifest.xml:34:13-63
	android:name
		ADDED from code\HelloAndroid\AndroidManifest.xml:33:13-42
activity#com.example.helloandroid.MainActivity
ADDED from code\HelloAndroid\AndroidManifest.xml:38:9-42:20
	android:screenOrientation
		ADDED from code\HelloAndroid\AndroidManifest.xml:41:13-49
	android:label
		ADDED from code\HelloAndroid\AndroidManifest.xml:40:13-46
	android:name
		ADDED from code\HelloAndroid\AndroidManifest.xml:39:13-41
activity#com.example.helloandroid.HouseActivity
ADDED from code\HelloAndroid\AndroidManifest.xml:43:9-47:20
	android:screenOrientation
		ADDED from code\HelloAndroid\AndroidManifest.xml:46:13-49
	android:label
		ADDED from code\HelloAndroid\AndroidManifest.xml:45:13-46
	android:name
		ADDED from code\HelloAndroid\AndroidManifest.xml:44:13-42
activity#com.example.helloandroid.TitleActivity
ADDED from code\HelloAndroid\AndroidManifest.xml:48:9-52:20
	android:screenOrientation
		ADDED from code\HelloAndroid\AndroidManifest.xml:51:13-49
	android:label
		ADDED from code\HelloAndroid\AndroidManifest.xml:50:13-46
	android:name
		ADDED from code\HelloAndroid\AndroidManifest.xml:49:13-42
activity#com.example.helloandroid.HouseEditActivity
ADDED from code\HelloAndroid\AndroidManifest.xml:53:9-57:20
	android:screenOrientation
		ADDED from code\HelloAndroid\AndroidManifest.xml:56:13-49
	android:label
		ADDED from code\HelloAndroid\AndroidManifest.xml:55:13-46
	android:name
		ADDED from code\HelloAndroid\AndroidManifest.xml:54:13-46
activity#com.example.helloandroid.DoorPhoneActivity
ADDED from code\HelloAndroid\AndroidManifest.xml:58:9-62:20
	android:screenOrientation
		ADDED from code\HelloAndroid\AndroidManifest.xml:61:13-49
	android:label
		ADDED from code\HelloAndroid\AndroidManifest.xml:60:13-46
	android:name
		ADDED from code\HelloAndroid\AndroidManifest.xml:59:13-46
activity#com.example.helloandroid.DoorPhoneGuestActivity
ADDED from code\HelloAndroid\AndroidManifest.xml:63:9-67:20
	android:screenOrientation
		ADDED from code\HelloAndroid\AndroidManifest.xml:66:13-49
	android:label
		ADDED from code\HelloAndroid\AndroidManifest.xml:65:13-46
	android:name
		ADDED from code\HelloAndroid\AndroidManifest.xml:64:13-51
activity#com.example.helloandroid.DeviceActivity
ADDED from code\HelloAndroid\AndroidManifest.xml:68:9-72:20
	android:screenOrientation
		ADDED from code\HelloAndroid\AndroidManifest.xml:71:13-49
	android:label
		ADDED from code\HelloAndroid\AndroidManifest.xml:70:13-46
	android:name
		ADDED from code\HelloAndroid\AndroidManifest.xml:69:13-43
uses-permission#android.permission.INTERNET
ADDED from code\HelloAndroid\AndroidManifest.xml:75:5-76:23
	android:name
		ADDED from code\HelloAndroid\AndroidManifest.xml:75:22-64
uses-permission#android.permission.CALL_PHONE
ADDED from code\HelloAndroid\AndroidManifest.xml:77:5-78:23
	android:name
		ADDED from code\HelloAndroid\AndroidManifest.xml:77:22-66